<?xml version="1.0" encoding="UTF-8" ?>
<testsuite errors="0" failures="0" hostname="PC-201611261641" name="calculator.DivisionTest" skipped="0" tests="3" time="0.071" timestamp="2019-06-02T07:32:06">
  <properties>
[...]
</properties>
  <testcase classname="calculator.DivisionTest" name="testExecute" time="0.001" />
  <testcase classname="calculator.DivisionTest" name="testExecuteDivideByZero" time="0.0" />
  <testcase classname="calculator.DivisionTest" name="testGetOperator" time="0.0" />
  <system-out><![CDATA[]]></system-out>
  <system-err><![CDATA[]]></system-err>
</testsuite>
